<?xml version="1.0" encoding="UTF-8"?>
<testng-results ignored="0" total="0" passed="0" failed="0" skipped="0">
  <reporter-output>
  </reporter-output>
  <suite started-at="2025-07-28T15:39:23 CLT" name="AutomatizacionPruebasSuite" finished-at="2025-07-28T15:39:23 CLT" duration-ms="160">
    <groups>
    </groups>
    <test started-at="2025-07-28T15:39:23 CLT" name="PruebasHumo" finished-at="2025-07-28T15:39:23 CLT" duration-ms="19">
    </test> <!-- PruebasHumo -->
    <test started-at="2025-07-28T15:39:23 CLT" name="PruebasRegresion" finished-at="2025-07-28T15:39:23 CLT" duration-ms="1">
    </test> <!-- PruebasRegresion -->
  </suite> <!-- AutomatizacionPruebasSuite -->
</testng-results>
